0 info it worked if it ends with ok
1 verbose cli [ 'node',
1 verbose cli   '/usr/local/bin/npm',
1 verbose cli   'version',
1 verbose cli   'patch',
1 verbose cli   '-m',
1 verbose cli   'Add normalize reset and normalize type weights' ]
2 info using npm@2.10.1
3 info using node@v0.12.4
4 verbose node symlink /usr/local/bin/node
5 error version No package.json found
6 verbose stack Error: ENOENT, open '/Users/Eric/Sites/projects/svbstrate/package.json'
6 verbose stack     at Error (native)
7 verbose cwd /Users/Eric/Sites/projects/svbstrate
8 error Darwin 14.3.0
9 error argv "node" "/usr/local/bin/npm" "version" "patch" "-m" "Add normalize reset and normalize type weights"
10 error node v0.12.4
11 error npm  v2.10.1
12 error path /Users/Eric/Sites/projects/svbstrate/package.json
13 error code ENOENT
14 error errno -2
15 error enoent ENOENT, open '/Users/Eric/Sites/projects/svbstrate/package.json'
15 error enoent This is most likely not a problem with npm itself
15 error enoent and is related to npm not being able to find a file.
16 verbose exit [ -2, true ]
